app/build/outputs/logs/manifest-merger-debug-report.txt
-- Merging decision tree log ---
manifest
ADDED from src/main/AndroidManifest.xml:1:1-52:12
	package
		ADDED from src/main/AndroidManifest.xml:2:5-36
		INJECTED from src/main/AndroidManifest.xml
		INJECTED from src/main/AndroidManifest.xml
	android:versionName
		ADDED from src/main/AndroidManifest.xml:5:5-31
		INJECTED from src/main/AndroidManifest.xml
		INJECTED from src/main/AndroidManifest.xml
	android:versionCode
		ADDED from src/main/AndroidManifest.xml:4:5-30
		INJECTED from src/main/AndroidManifest.xml
		INJECTED from src/main/AndroidManifest.xml
	xmlns:android
		ADDED from src/main/AndroidManifest.xml:1:11-69
	android:installLocation
		ADDED from src/main/AndroidManifest.xml:3:5-45
supports-screens
ADDED from src/main/AndroidManifest.xml:7:5-11:39
	android:largeScreens
		ADDED from src/main/AndroidManifest.xml:9:9-36
	android:smallScreens
		ADDED from src/main/AndroidManifest.xml:11:9-36
	android:normalScreens
		ADDED from src/main/AndroidManifest.xml:10:9-37
	android:anyDensity
		ADDED from src/main/AndroidManifest.xml:8:9-34
application
ADDED from src/main/AndroidManifest.xml:13:5-47:19
	android:label
		ADDED from src/main/AndroidManifest.xml:16:9-41
	android:debuggable
		ADDED from src/main/AndroidManifest.xml:14:9-35
	android:icon
		ADDED from src/main/AndroidManifest.xml:15:9-38
activity#com.ywrun.runnershigh.main
ADDED from src/main/AndroidManifest.xml:17:9-22:20
	android:screenOrientation
		ADDED from src/main/AndroidManifest.xml:20:13-50
	android:label
		ADDED from src/main/AndroidManifest.xml:19:13-45
	android:theme
		ADDED from src/main/AndroidManifest.xml:21:13-71
	android:name
		ADDED from src/main/AndroidManifest.xml:18:13-54
activity#com.ywrun.runnershigh.HighScoreActivity
ADDED from src/main/AndroidManifest.xml:23:9-26:74
	android:screenOrientation
		ADDED from src/main/AndroidManifest.xml:25:13-50
	android:theme
		ADDED from src/main/AndroidManifest.xml:26:13-71
	android:name
		ADDED from src/main/AndroidManifest.xml:24:13-67
activity#com.ywrun.runnershigh.Menu
ADDED from src/main/AndroidManifest.xml:27:9-36:20
	android:screenOrientation
		ADDED from src/main/AndroidManifest.xml:29:13-50
	android:theme
		ADDED from src/main/AndroidManifest.xml:30:13-71
	android:name
		ADDED from src/main/AndroidManifest.xml:28:13-54
intent-filter#android.intent.action.MAIN+android.intent.category.LAUNCHER
ADDED from src/main/AndroidManifest.xml:31:13-35:29
action#android.intent.action.MAIN
ADDED from src/main/AndroidManifest.xml:32:17-69
	android:name
		ADDED from src/main/AndroidManifest.xml:32:25-66
category#android.intent.category.LAUNCHER
ADDED from src/main/AndroidManifest.xml:34:17-77
	android:name
		ADDED from src/main/AndroidManifest.xml:34:27-74
activity#com.ywrun.runnershigh.HighScoreForm
ADDED from src/main/AndroidManifest.xml:37:9-41:20
	android:screenOrientation
		ADDED from src/main/AndroidManifest.xml:39:13-50
	android:theme
		ADDED from src/main/AndroidManifest.xml:40:13-71
	android:name
		ADDED from src/main/AndroidManifest.xml:38:13-63
activity#com.ywrun.runnershigh.Info
ADDED from src/main/AndroidManifest.xml:42:9-46:20
	android:screenOrientation
		ADDED from src/main/AndroidManifest.xml:44:13-50
	android:theme
		ADDED from src/main/AndroidManifest.xml:45:13-71
	android:name
		ADDED from src/main/AndroidManifest.xml:43:13-54
uses-permission#android.permission.WAKE_LOCK
ADDED from src/main/AndroidManifest.xml:49:5-68
	android:name
		ADDED from src/main/AndroidManifest.xml:49:22-65
uses-permission#android.permission.INTERNET
ADDED from src/main/AndroidManifest.xml:50:5-67
	android:name
		ADDED from src/main/AndroidManifest.xml:50:22-64
uses-permission#android.permission.ACCESS_NETWORK_STATE
ADDED from src/main/AndroidManifest.xml:51:5-79
	android:name
		ADDED from src/main/AndroidManifest.xml:51:22-76